17-May-2020 10:15:21.804 INFO [main] org.apache.catalina.startup.VersionLoggerListener.log Server version name:   Apache Tomcat/9.0.29
17-May-2020 10:15:21.828 INFO [main] org.apache.catalina.startup.VersionLoggerListener.log Server built:          Nov 16 2019 17:29:07 UTC
17-May-2020 10:15:21.829 INFO [main] org.apache.catalina.startup.VersionLoggerListener.log Server version number: 9.0.29.0
17-May-2020 10:15:21.829 INFO [main] org.apache.catalina.startup.VersionLoggerListener.log OS Name:               Windows 10
17-May-2020 10:15:21.829 INFO [main] org.apache.catalina.startup.VersionLoggerListener.log OS Version:            10.0
17-May-2020 10:15:21.829 INFO [main] org.apache.catalina.startup.VersionLoggerListener.log Architecture:          amd64
17-May-2020 10:15:21.829 INFO [main] org.apache.catalina.startup.VersionLoggerListener.log Java Home:             C:\Program Files\Java\jdk1.8.0_241\jre
17-May-2020 10:15:21.830 INFO [main] org.apache.catalina.startup.VersionLoggerListener.log JVM Version:           1.8.0_241-b07
17-May-2020 10:15:21.830 INFO [main] org.apache.catalina.startup.VersionLoggerListener.log JVM Vendor:            Oracle Corporation
17-May-2020 10:15:21.830 INFO [main] org.apache.catalina.startup.VersionLoggerListener.log CATALINA_BASE:         E:\Do An\apache-tomcat-9.0.29\apache-tomcat-9.0.29
17-May-2020 10:15:21.830 INFO [main] org.apache.catalina.startup.VersionLoggerListener.log CATALINA_HOME:         E:\Do An\apache-tomcat-9.0.29\apache-tomcat-9.0.29
17-May-2020 10:15:21.834 INFO [main] org.apache.catalina.startup.VersionLoggerListener.log Command line argument: -Djava.util.logging.config.file=E:\Do An\apache-tomcat-9.0.29\apache-tomcat-9.0.29\conf\logging.properties
17-May-2020 10:15:21.834 INFO [main] org.apache.catalina.startup.VersionLoggerListener.log Command line argument: -Djava.util.logging.manager=org.apache.juli.ClassLoaderLogManager
17-May-2020 10:15:21.834 INFO [main] org.apache.catalina.startup.VersionLoggerListener.log Command line argument: -Djdk.tls.ephemeralDHKeySize=2048
17-May-2020 10:15:21.834 INFO [main] org.apache.catalina.startup.VersionLoggerListener.log Command line argument: -Djava.protocol.handler.pkgs=org.apache.catalina.webresources
17-May-2020 10:15:21.835 INFO [main] org.apache.catalina.startup.VersionLoggerListener.log Command line argument: -Dignore.endorsed.dirs=
17-May-2020 10:15:21.835 INFO [main] org.apache.catalina.startup.VersionLoggerListener.log Command line argument: -Dcatalina.base=E:\Do An\apache-tomcat-9.0.29\apache-tomcat-9.0.29
17-May-2020 10:15:21.836 INFO [main] org.apache.catalina.startup.VersionLoggerListener.log Command line argument: -Dcatalina.home=E:\Do An\apache-tomcat-9.0.29\apache-tomcat-9.0.29
17-May-2020 10:15:21.836 INFO [main] org.apache.catalina.startup.VersionLoggerListener.log Command line argument: -Djava.io.tmpdir=E:\Do An\apache-tomcat-9.0.29\apache-tomcat-9.0.29\temp
17-May-2020 10:15:21.841 INFO [main] org.apache.catalina.core.AprLifecycleListener.lifecycleEvent The APR based Apache Tomcat Native library which allows optimal performance in production environments was not found on the java.library.path: [C:\Program Files\Java\jdk1.8.0_241\bin;C:\Windows\Sun\Java\bin;C:\Windows\system32;C:\Windows;C:\Program Files (x86)\Common Files\Oracle\Java\javapath;C:\Program Files\Microsoft MPI\Bin\;C:\Windows\system32;C:\Windows;C:\Windows\System32\Wbem;C:\Windows\System32\WindowsPowerShell\v1.0\;C:\Windows\System32\OpenSSH\;C:\Program Files (x86)\Windows Kits\10\Windows Performance Toolkit\;C:\Program Files\Microsoft SQL Server\130\Tools\Binn\;C:\Program Files\dotnet\;C:\Program Files\Microsoft SQL Server\Client SDK\ODBC\130\Tools\Binn\;C:\Program Files (x86)\Microsoft SQL Server\140\Tools\Binn\;C:\Program Files\Microsoft SQL Server\140\Tools\Binn\;C:\Program Files\Microsoft SQL Server\140\DTS\Binn\;C:\Program Files (x86)\Microsoft SQL Server\140\DTS\Binn\;C:\Program Files (x86)\Microsoft SQL Server\150\DTS\Binn\;C:\Windows\system32\config\systemprofile\.dnx\bin;C:\Program Files\Microsoft DNX\Dnvm\;C:\Program Files\Java\jdk1.8.0_241\bin;E:\Do An\apache-tomcat-9.0.29\apache-tomcat-9.0.29\bin;C:\Program Files\nodejs\;C:\Program Files\Git\cmd;C:\Users\ASUS\AppData\Local\Microsoft\WindowsApps;;C:\Users\ASUS\AppData\Local\Programs\Microsoft VS Code\bin;C:\Users\ASUS\AppData\Roaming\npm;.]
17-May-2020 10:15:22.797 INFO [main] org.apache.coyote.AbstractProtocol.init Initializing ProtocolHandler ["http-nio-8080"]
17-May-2020 10:15:23.080 INFO [main] org.apache.coyote.AbstractProtocol.init Initializing ProtocolHandler ["ajp-nio-8009"]
17-May-2020 10:15:23.088 INFO [main] org.apache.catalina.startup.Catalina.load Server initialization in [1,779] milliseconds
17-May-2020 10:15:23.177 INFO [main] org.apache.catalina.core.StandardService.startInternal Starting service [Catalina]
17-May-2020 10:15:23.177 INFO [main] org.apache.catalina.core.StandardEngine.startInternal Starting Servlet engine: [Apache Tomcat/9.0.29]
17-May-2020 10:15:23.301 INFO [main] org.apache.catalina.startup.HostConfig.deployWAR Deploying web application archive [E:\Do An\apache-tomcat-9.0.29\apache-tomcat-9.0.29\webapps\geoserver.war]
17-May-2020 10:15:47.117 INFO [main] org.apache.jasper.servlet.TldScanner.scanJars At least one JAR was scanned for TLDs yet contained no TLDs. Enable debug logging for this logger for a complete list of JARs that were scanned but no TLDs were found in them. Skipping unneeded JARs during scanning can improve startup time and JSP compilation time.
17-May-2020 10:15:49.065 WARNING [main] org.geoserver.platform.GeoServerExtensions.checkContext Extension lookup 'XStreamPersisterInitializer', but ApplicationContext is unset.
17-May-2020 10:15:49.066 WARNING [main] org.geoserver.platform.GeoServerExtensions.checkContext Extension lookup 'ExtensionFilter', but ApplicationContext is unset.
17-May-2020 10:15:49.069 WARNING [main] org.geoserver.platform.GeoServerExtensions.checkContext Extension lookup 'ExtensionProvider', but ApplicationContext is unset.
17-May-2020 10:15:49.070 WARNING [main] org.geoserver.platform.GeoServerExtensions.checkContext Extension lookup 'ExtensionFilter', but ApplicationContext is unset.
17-May-2020 10:15:51.399 WARNING [main] org.geoserver.platform.GeoServerExtensions.checkContext Extension lookup 'GeoServerSecurityProvider', but ApplicationContext is unset.
17-May-2020 10:15:51.399 WARNING [main] org.geoserver.platform.GeoServerExtensions.checkContext Extension lookup 'ExtensionFilter', but ApplicationContext is unset.
17-May-2020 10:15:51.399 WARNING [main] org.geoserver.platform.GeoServerExtensions.checkContext Extension lookup 'ExtensionProvider', but ApplicationContext is unset.
17-May-2020 10:15:51.400 WARNING [main] org.geoserver.platform.GeoServerExtensions.checkContext Extension lookup 'ExtensionFilter', but ApplicationContext is unset.
17-May-2020 10:16:13.088 INFO [main] org.apache.catalina.startup.HostConfig.deployWAR Deployment of web application archive [E:\Do An\apache-tomcat-9.0.29\apache-tomcat-9.0.29\webapps\geoserver.war] has finished in [49,787] ms
17-May-2020 10:16:13.089 INFO [main] org.apache.catalina.startup.HostConfig.deployDirectory Deploying web application directory [E:\Do An\apache-tomcat-9.0.29\apache-tomcat-9.0.29\webapps\docs]
17-May-2020 10:16:13.137 INFO [main] org.apache.catalina.startup.HostConfig.deployDirectory Deployment of web application directory [E:\Do An\apache-tomcat-9.0.29\apache-tomcat-9.0.29\webapps\docs] has finished in [48] ms
17-May-2020 10:16:13.141 INFO [main] org.apache.catalina.startup.HostConfig.deployDirectory Deploying web application directory [E:\Do An\apache-tomcat-9.0.29\apache-tomcat-9.0.29\webapps\examples]
17-May-2020 10:16:15.008 INFO [main] org.apache.catalina.startup.HostConfig.deployDirectory Deployment of web application directory [E:\Do An\apache-tomcat-9.0.29\apache-tomcat-9.0.29\webapps\examples] has finished in [1,868] ms
17-May-2020 10:16:15.009 INFO [main] org.apache.catalina.startup.HostConfig.deployDirectory Deploying web application directory [E:\Do An\apache-tomcat-9.0.29\apache-tomcat-9.0.29\webapps\host-manager]
17-May-2020 10:16:15.127 INFO [main] org.apache.catalina.startup.HostConfig.deployDirectory Deployment of web application directory [E:\Do An\apache-tomcat-9.0.29\apache-tomcat-9.0.29\webapps\host-manager] has finished in [117] ms
17-May-2020 10:16:15.128 INFO [main] org.apache.catalina.startup.HostConfig.deployDirectory Deploying web application directory [E:\Do An\apache-tomcat-9.0.29\apache-tomcat-9.0.29\webapps\manager]
17-May-2020 10:16:15.197 INFO [main] org.apache.catalina.startup.HostConfig.deployDirectory Deployment of web application directory [E:\Do An\apache-tomcat-9.0.29\apache-tomcat-9.0.29\webapps\manager] has finished in [68] ms
17-May-2020 10:16:15.198 INFO [main] org.apache.catalina.startup.HostConfig.deployDirectory Deploying web application directory [E:\Do An\apache-tomcat-9.0.29\apache-tomcat-9.0.29\webapps\ROOT]
17-May-2020 10:16:15.235 INFO [main] org.apache.catalina.startup.HostConfig.deployDirectory Deployment of web application directory [E:\Do An\apache-tomcat-9.0.29\apache-tomcat-9.0.29\webapps\ROOT] has finished in [36] ms
17-May-2020 10:16:15.245 INFO [main] org.apache.coyote.AbstractProtocol.start Starting ProtocolHandler ["http-nio-8080"]
17-May-2020 10:16:15.259 INFO [main] org.apache.coyote.AbstractProtocol.start Starting ProtocolHandler ["ajp-nio-8009"]
17-May-2020 10:16:15.267 INFO [main] org.apache.catalina.startup.Catalina.start Server startup in [52,178] milliseconds
