08-Jul-2020 10:59:42.361 INFO [main] org.apache.catalina.startup.VersionLoggerListener.log Server version name:   Apache Tomcat/9.0.29
08-Jul-2020 10:59:42.376 INFO [main] org.apache.catalina.startup.VersionLoggerListener.log Server built:          Nov 16 2019 17:29:07 UTC
08-Jul-2020 10:59:42.376 INFO [main] org.apache.catalina.startup.VersionLoggerListener.log Server version number: 9.0.29.0
08-Jul-2020 10:59:42.376 INFO [main] org.apache.catalina.startup.VersionLoggerListener.log OS Name:               Windows 10
08-Jul-2020 10:59:42.376 INFO [main] org.apache.catalina.startup.VersionLoggerListener.log OS Version:            10.0
08-Jul-2020 10:59:42.376 INFO [main] org.apache.catalina.startup.VersionLoggerListener.log Architecture:          amd64
08-Jul-2020 10:59:42.376 INFO [main] org.apache.catalina.startup.VersionLoggerListener.log Java Home:             C:\Program Files\Java\jdk1.8.0_241\jre
08-Jul-2020 10:59:42.376 INFO [main] org.apache.catalina.startup.VersionLoggerListener.log JVM Version:           1.8.0_241-b07
08-Jul-2020 10:59:42.376 INFO [main] org.apache.catalina.startup.VersionLoggerListener.log JVM Vendor:            Oracle Corporation
08-Jul-2020 10:59:42.376 INFO [main] org.apache.catalina.startup.VersionLoggerListener.log CATALINA_BASE:         E:\Do An\apache-tomcat-9.0.29\apache-tomcat-9.0.29
08-Jul-2020 10:59:42.376 INFO [main] org.apache.catalina.startup.VersionLoggerListener.log CATALINA_HOME:         E:\Do An\apache-tomcat-9.0.29\apache-tomcat-9.0.29
08-Jul-2020 10:59:42.392 INFO [main] org.apache.catalina.startup.VersionLoggerListener.log Command line argument: -Djava.util.logging.config.file=E:\Do An\apache-tomcat-9.0.29\apache-tomcat-9.0.29\conf\logging.properties
08-Jul-2020 10:59:42.392 INFO [main] org.apache.catalina.startup.VersionLoggerListener.log Command line argument: -Djava.util.logging.manager=org.apache.juli.ClassLoaderLogManager
08-Jul-2020 10:59:42.392 INFO [main] org.apache.catalina.startup.VersionLoggerListener.log Command line argument: -Djdk.tls.ephemeralDHKeySize=2048
08-Jul-2020 10:59:42.392 INFO [main] org.apache.catalina.startup.VersionLoggerListener.log Command line argument: -Djava.protocol.handler.pkgs=org.apache.catalina.webresources
08-Jul-2020 10:59:42.392 INFO [main] org.apache.catalina.startup.VersionLoggerListener.log Command line argument: -Dignore.endorsed.dirs=
08-Jul-2020 10:59:42.392 INFO [main] org.apache.catalina.startup.VersionLoggerListener.log Command line argument: -Dcatalina.base=E:\Do An\apache-tomcat-9.0.29\apache-tomcat-9.0.29
08-Jul-2020 10:59:42.392 INFO [main] org.apache.catalina.startup.VersionLoggerListener.log Command line argument: -Dcatalina.home=E:\Do An\apache-tomcat-9.0.29\apache-tomcat-9.0.29
08-Jul-2020 10:59:42.392 INFO [main] org.apache.catalina.startup.VersionLoggerListener.log Command line argument: -Djava.io.tmpdir=E:\Do An\apache-tomcat-9.0.29\apache-tomcat-9.0.29\temp
08-Jul-2020 10:59:42.392 INFO [main] org.apache.catalina.core.AprLifecycleListener.lifecycleEvent The APR based Apache Tomcat Native library which allows optimal performance in production environments was not found on the java.library.path: [C:\Program Files\Java\jdk1.8.0_241\bin;C:\Windows\Sun\Java\bin;C:\Windows\system32;C:\Windows;C:\Program Files (x86)\Common Files\Oracle\Java\javapath;C:\Program Files\Microsoft MPI\Bin\;C:\Windows\system32;C:\Windows;C:\Windows\System32\Wbem;C:\Windows\System32\WindowsPowerShell\v1.0\;C:\Windows\System32\OpenSSH\;C:\Program Files (x86)\Windows Kits\10\Windows Performance Toolkit\;C:\Program Files\Microsoft SQL Server\130\Tools\Binn\;C:\Program Files\dotnet\;C:\Program Files\Microsoft SQL Server\Client SDK\ODBC\130\Tools\Binn\;C:\Program Files (x86)\Microsoft SQL Server\140\Tools\Binn\;C:\Program Files\Microsoft SQL Server\140\Tools\Binn\;C:\Program Files\Microsoft SQL Server\140\DTS\Binn\;C:\Program Files (x86)\Microsoft SQL Server\140\DTS\Binn\;C:\Program Files (x86)\Microsoft SQL Server\150\DTS\Binn\;C:\Windows\system32\config\systemprofile\.dnx\bin;C:\Program Files\Microsoft DNX\Dnvm\;C:\Program Files\Java\jdk1.8.0_241\bin;E:\Do An\apache-tomcat-9.0.29\apache-tomcat-9.0.29\bin;C:\Program Files\nodejs\;C:\Program Files\Git\cmd;C:\Users\ASUS\AppData\Local\Microsoft\WindowsApps;;C:\Users\ASUS\AppData\Local\Programs\Microsoft VS Code\bin;C:\Users\ASUS\AppData\Roaming\npm;.]
08-Jul-2020 10:59:43.455 INFO [main] org.apache.coyote.AbstractProtocol.init Initializing ProtocolHandler ["http-nio-8080"]
08-Jul-2020 10:59:43.798 INFO [main] org.apache.coyote.AbstractProtocol.init Initializing ProtocolHandler ["ajp-nio-8009"]
08-Jul-2020 10:59:43.798 INFO [main] org.apache.catalina.startup.Catalina.load Server initialization in [2,009] milliseconds
08-Jul-2020 10:59:43.860 INFO [main] org.apache.catalina.core.StandardService.startInternal Starting service [Catalina]
08-Jul-2020 10:59:43.860 INFO [main] org.apache.catalina.core.StandardEngine.startInternal Starting Servlet engine: [Apache Tomcat/9.0.29]
08-Jul-2020 10:59:43.975 INFO [main] org.apache.catalina.startup.HostConfig.deployWAR Deploying web application archive [E:\Do An\apache-tomcat-9.0.29\apache-tomcat-9.0.29\webapps\geoserver.war]
08-Jul-2020 11:00:04.813 INFO [main] org.apache.jasper.servlet.TldScanner.scanJars At least one JAR was scanned for TLDs yet contained no TLDs. Enable debug logging for this logger for a complete list of JARs that were scanned but no TLDs were found in them. Skipping unneeded JARs during scanning can improve startup time and JSP compilation time.
08-Jul-2020 11:00:06.554 WARNING [main] org.geoserver.platform.GeoServerExtensions.checkContext Extension lookup 'XStreamPersisterInitializer', but ApplicationContext is unset.
08-Jul-2020 11:00:06.554 WARNING [main] org.geoserver.platform.GeoServerExtensions.checkContext Extension lookup 'ExtensionFilter', but ApplicationContext is unset.
08-Jul-2020 11:00:06.554 WARNING [main] org.geoserver.platform.GeoServerExtensions.checkContext Extension lookup 'ExtensionProvider', but ApplicationContext is unset.
08-Jul-2020 11:00:06.554 WARNING [main] org.geoserver.platform.GeoServerExtensions.checkContext Extension lookup 'ExtensionFilter', but ApplicationContext is unset.
08-Jul-2020 11:00:08.673 WARNING [main] org.geoserver.platform.GeoServerExtensions.checkContext Extension lookup 'GeoServerSecurityProvider', but ApplicationContext is unset.
08-Jul-2020 11:00:08.673 WARNING [main] org.geoserver.platform.GeoServerExtensions.checkContext Extension lookup 'ExtensionFilter', but ApplicationContext is unset.
08-Jul-2020 11:00:08.673 WARNING [main] org.geoserver.platform.GeoServerExtensions.checkContext Extension lookup 'ExtensionProvider', but ApplicationContext is unset.
08-Jul-2020 11:00:08.673 WARNING [main] org.geoserver.platform.GeoServerExtensions.checkContext Extension lookup 'ExtensionFilter', but ApplicationContext is unset.
08-Jul-2020 11:00:37.065 INFO [main] org.apache.catalina.startup.HostConfig.deployWAR Deployment of web application archive [E:\Do An\apache-tomcat-9.0.29\apache-tomcat-9.0.29\webapps\geoserver.war] has finished in [53,090] ms
08-Jul-2020 11:00:37.077 INFO [main] org.apache.catalina.startup.HostConfig.deployDirectory Deploying web application directory [E:\Do An\apache-tomcat-9.0.29\apache-tomcat-9.0.29\webapps\docs]
08-Jul-2020 11:00:37.279 INFO [main] org.apache.catalina.startup.HostConfig.deployDirectory Deployment of web application directory [E:\Do An\apache-tomcat-9.0.29\apache-tomcat-9.0.29\webapps\docs] has finished in [202] ms
08-Jul-2020 11:00:37.351 INFO [main] org.apache.catalina.startup.HostConfig.deployDirectory Deploying web application directory [E:\Do An\apache-tomcat-9.0.29\apache-tomcat-9.0.29\webapps\examples]
08-Jul-2020 11:00:39.903 INFO [main] org.apache.catalina.startup.HostConfig.deployDirectory Deployment of web application directory [E:\Do An\apache-tomcat-9.0.29\apache-tomcat-9.0.29\webapps\examples] has finished in [2,552] ms
08-Jul-2020 11:00:39.917 INFO [main] org.apache.catalina.startup.HostConfig.deployDirectory Deploying web application directory [E:\Do An\apache-tomcat-9.0.29\apache-tomcat-9.0.29\webapps\host-manager]
08-Jul-2020 11:00:40.018 INFO [main] org.apache.catalina.startup.HostConfig.deployDirectory Deployment of web application directory [E:\Do An\apache-tomcat-9.0.29\apache-tomcat-9.0.29\webapps\host-manager] has finished in [101] ms
08-Jul-2020 11:00:40.018 INFO [main] org.apache.catalina.startup.HostConfig.deployDirectory Deploying web application directory [E:\Do An\apache-tomcat-9.0.29\apache-tomcat-9.0.29\webapps\manager]
08-Jul-2020 11:00:40.085 INFO [main] org.apache.catalina.startup.HostConfig.deployDirectory Deployment of web application directory [E:\Do An\apache-tomcat-9.0.29\apache-tomcat-9.0.29\webapps\manager] has finished in [67] ms
08-Jul-2020 11:00:40.085 INFO [main] org.apache.catalina.startup.HostConfig.deployDirectory Deploying web application directory [E:\Do An\apache-tomcat-9.0.29\apache-tomcat-9.0.29\webapps\ROOT]
08-Jul-2020 11:00:40.126 INFO [main] org.apache.catalina.startup.HostConfig.deployDirectory Deployment of web application directory [E:\Do An\apache-tomcat-9.0.29\apache-tomcat-9.0.29\webapps\ROOT] has finished in [39] ms
08-Jul-2020 11:00:40.134 INFO [main] org.apache.coyote.AbstractProtocol.start Starting ProtocolHandler ["http-nio-8080"]
08-Jul-2020 11:00:40.165 INFO [main] org.apache.coyote.AbstractProtocol.start Starting ProtocolHandler ["ajp-nio-8009"]
08-Jul-2020 11:00:40.167 INFO [main] org.apache.catalina.startup.Catalina.start Server startup in [56,354] milliseconds
