01-Jun-2020 09:28:12.915 INFO [main] org.apache.catalina.core.ApplicationContext.log No Spring WebApplicationInitializer types detected on classpath
01-Jun-2020 09:28:22.700 INFO [main] org.apache.catalina.core.ApplicationContext.log Initializing Spring root WebApplicationContext
01-Jun-2020 09:28:49.729 INFO [main] org.apache.catalina.core.ApplicationContext.log ContextListener: contextInitialized()
01-Jun-2020 09:28:49.729 INFO [main] org.apache.catalina.core.ApplicationContext.log SessionListener: contextInitialized()
01-Jun-2020 09:28:49.731 INFO [main] org.apache.catalina.core.ApplicationContext.log ContextListener: attributeAdded('StockTicker', 'async.Stockticker@172ed66d')
01-Jun-2020 09:30:04.373 INFO [http-nio-8080-exec-3] org.apache.catalina.core.ApplicationContext.log Initializing Spring FrameworkServlet 'dispatcher'
01-Jun-2020 10:05:22.464 INFO [main] org.apache.catalina.core.ApplicationContext.log No Spring WebApplicationInitializer types detected on classpath
01-Jun-2020 10:05:25.568 INFO [main] org.apache.catalina.core.ApplicationContext.log Initializing Spring root WebApplicationContext
01-Jun-2020 10:05:55.321 INFO [main] org.apache.catalina.core.ApplicationContext.log ContextListener: contextInitialized()
01-Jun-2020 10:05:55.321 INFO [main] org.apache.catalina.core.ApplicationContext.log SessionListener: contextInitialized()
01-Jun-2020 10:05:55.321 INFO [main] org.apache.catalina.core.ApplicationContext.log ContextListener: attributeAdded('StockTicker', 'async.Stockticker@436219ba')
01-Jun-2020 10:05:56.007 INFO [http-nio-8080-exec-7] org.apache.catalina.core.ApplicationContext.log Initializing Spring FrameworkServlet 'dispatcher'
01-Jun-2020 10:16:01.418 INFO [main] org.apache.catalina.core.ApplicationContext.log No Spring WebApplicationInitializer types detected on classpath
01-Jun-2020 10:16:04.003 INFO [main] org.apache.catalina.core.ApplicationContext.log Initializing Spring root WebApplicationContext
01-Jun-2020 10:16:30.535 INFO [main] org.apache.catalina.core.ApplicationContext.log ContextListener: contextInitialized()
01-Jun-2020 10:16:30.536 INFO [main] org.apache.catalina.core.ApplicationContext.log SessionListener: contextInitialized()
01-Jun-2020 10:16:30.538 INFO [main] org.apache.catalina.core.ApplicationContext.log ContextListener: attributeAdded('StockTicker', 'async.Stockticker@436219ba')
01-Jun-2020 10:19:58.532 INFO [http-nio-8080-exec-2] org.apache.catalina.core.ApplicationContext.log Initializing Spring FrameworkServlet 'dispatcher'
01-Jun-2020 10:20:13.605 INFO [main] org.apache.catalina.core.ApplicationContext.log No Spring WebApplicationInitializer types detected on classpath
01-Jun-2020 10:20:16.661 INFO [main] org.apache.catalina.core.ApplicationContext.log Initializing Spring root WebApplicationContext
01-Jun-2020 10:20:50.921 INFO [main] org.apache.catalina.core.ApplicationContext.log ContextListener: contextInitialized()
01-Jun-2020 10:20:50.921 INFO [main] org.apache.catalina.core.ApplicationContext.log SessionListener: contextInitialized()
01-Jun-2020 10:20:50.923 INFO [main] org.apache.catalina.core.ApplicationContext.log ContextListener: attributeAdded('StockTicker', 'async.Stockticker@760e84b0')
01-Jun-2020 10:20:51.451 INFO [main] org.apache.catalina.core.ApplicationContext.log Closing Spring root WebApplicationContext
01-Jun-2020 10:20:54.298 INFO [main] org.apache.catalina.core.ApplicationContext.log SessionListener: contextDestroyed()
01-Jun-2020 10:20:54.298 INFO [main] org.apache.catalina.core.ApplicationContext.log ContextListener: contextDestroyed()
