04-May-2020 05:35:42.978 INFO [main] org.apache.catalina.core.ApplicationContext.log No Spring WebApplicationInitializer types detected on classpath
04-May-2020 05:35:45.413 INFO [main] org.apache.catalina.core.ApplicationContext.log Initializing Spring root WebApplicationContext
04-May-2020 05:36:11.751 INFO [main] org.apache.catalina.core.ApplicationContext.log ContextListener: contextInitialized()
04-May-2020 05:36:11.751 INFO [main] org.apache.catalina.core.ApplicationContext.log SessionListener: contextInitialized()
04-May-2020 05:36:11.751 INFO [main] org.apache.catalina.core.ApplicationContext.log ContextListener: attributeAdded('StockTicker', 'async.Stockticker@3636c8e2')
04-May-2020 05:40:52.486 INFO [http-nio-8080-exec-3] org.apache.catalina.core.ApplicationContext.log Initializing Spring FrameworkServlet 'dispatcher'
04-May-2020 08:12:52.955 INFO [main] org.apache.catalina.core.ApplicationContext.log No Spring WebApplicationInitializer types detected on classpath
04-May-2020 08:12:55.370 INFO [main] org.apache.catalina.core.ApplicationContext.log Initializing Spring root WebApplicationContext
04-May-2020 08:13:18.702 INFO [main] org.apache.catalina.core.ApplicationContext.log ContextListener: contextInitialized()
04-May-2020 08:13:18.703 INFO [main] org.apache.catalina.core.ApplicationContext.log SessionListener: contextInitialized()
04-May-2020 08:13:18.704 INFO [main] org.apache.catalina.core.ApplicationContext.log ContextListener: attributeAdded('StockTicker', 'async.Stockticker@3636c8e2')
04-May-2020 08:13:19.116 INFO [http-nio-8080-exec-11] org.apache.catalina.core.ApplicationContext.log Initializing Spring FrameworkServlet 'dispatcher'
04-May-2020 14:55:32.444 INFO [main] org.apache.catalina.core.ApplicationContext.log No Spring WebApplicationInitializer types detected on classpath
04-May-2020 14:55:34.241 INFO [main] org.apache.catalina.core.ApplicationContext.log Initializing Spring root WebApplicationContext
04-May-2020 14:55:51.331 INFO [main] org.apache.catalina.core.ApplicationContext.log ContextListener: contextInitialized()
04-May-2020 14:55:51.331 INFO [main] org.apache.catalina.core.ApplicationContext.log SessionListener: contextInitialized()
04-May-2020 14:55:51.332 INFO [main] org.apache.catalina.core.ApplicationContext.log ContextListener: attributeAdded('StockTicker', 'async.Stockticker@3636c8e2')
04-May-2020 18:35:25.388 INFO [main] org.apache.catalina.core.ApplicationContext.log No Spring WebApplicationInitializer types detected on classpath
04-May-2020 18:35:28.631 INFO [main] org.apache.catalina.core.ApplicationContext.log Initializing Spring root WebApplicationContext
04-May-2020 18:35:51.582 INFO [main] org.apache.catalina.core.ApplicationContext.log ContextListener: contextInitialized()
04-May-2020 18:35:51.582 INFO [main] org.apache.catalina.core.ApplicationContext.log SessionListener: contextInitialized()
04-May-2020 18:35:51.582 INFO [main] org.apache.catalina.core.ApplicationContext.log ContextListener: attributeAdded('StockTicker', 'async.Stockticker@7e9ec9f')
04-May-2020 18:36:27.779 INFO [http-nio-8080-exec-10] org.apache.catalina.core.ApplicationContext.log Initializing Spring FrameworkServlet 'dispatcher'
